<?xml version="1.0" encoding="UTF-8"?>
<!-- Generated by org.testng.reporters.JUnitXMLReporter -->
<testsuite hostname="Maani" ignored="0" name="Login_Users_Test_Case" tests="1" failures="1" timestamp="2021-02-28T11:25:55 IST" time="112.712" errors="0">
  <testcase name="loginApp" time="2.046" classname="com.htc.testCase.Test_Account_LoginUserValid">
    <failure type="java.lang.NullPointerException">
      <![CDATA[java.lang.NullPointerException
at org.openqa.selenium.support.pagefactory.DefaultElementLocator.findElement(DefaultElementLocator.java:69)
at org.openqa.selenium.support.pagefactory.internal.LocatingElementHandler.invoke(LocatingElementHandler.java:38)
at com.sun.proxy.$Proxy11.click(Unknown Source)
at com.htc.pageObjects.LoginPage.clickAccount(LoginPage.java:33)
at com.htc.pageObjects.LoginPage.loginSection(LoginPage.java:61)
at com.htc.testCase.Test_Account_LoginUserValid.loginApp(Test_Account_LoginUserValid.java:25)
at java.util.ArrayList.forEach(Unknown Source)
... Removed 27 stack frames]]>
    </failure>
  </testcase> <!-- loginApp -->
</testsuite> <!-- Login_Users_Test_Case -->
