<?xml version="1.0" encoding="UTF-8"?>
<testng-results skipped="0" failed="1" ignored="0" total="1" passed="0">
  <reporter-output>
    <line>
      <![CDATA[FirefoxDriver  is loaded]]>
    </line>
    <line>
      <![CDATA[Navigate   to browser:FirefoxURL:http://demo-store.seleniumacademy.com/customer/account/login/]]>
    </line>
  </reporter-output>
  <suite name="Default suite" duration-ms="83183" started-at="2021-03-01T11:34:36 IST" finished-at="2021-03-01T11:35:59 IST">
    <groups>
    </groups>
    <test name="Default test" duration-ms="83183" started-at="2021-03-01T11:34:36 IST" finished-at="2021-03-01T11:35:59 IST">
      <class name="com.htc.testCase.Test_Account_LoginUserValid">
        <test-method status="PASS" signature="setupSuite()[pri:0, instance:com.htc.testCase.Test_Account_LoginUserValid@536aaa8d]" name="setupSuite" is-config="true" duration-ms="2167" started-at="2021-03-01T11:34:34 IST" finished-at="2021-03-01T11:34:36 IST">
          <reporter-output>
          </reporter-output>
        </test-method> <!-- setupSuite -->
        <test-method status="PASS" signature="setup()[pri:0, instance:com.htc.testCase.Test_Account_LoginUserValid@536aaa8d]" name="setup" is-config="true" duration-ms="77429" started-at="2021-03-01T11:34:36 IST" finished-at="2021-03-01T11:35:54 IST">
          <reporter-output>
            <line>
              <![CDATA[FirefoxDriver  is loaded]]>
            </line>
            <line>
              <![CDATA[Navigate   to browser:FirefoxURL:http://demo-store.seleniumacademy.com/customer/account/login/]]>
            </line>
          </reporter-output>
        </test-method> <!-- setup -->
        <test-method status="FAIL" signature="loginApp()[pri:0, instance:com.htc.testCase.Test_Account_LoginUserValid@536aaa8d]" name="loginApp" duration-ms="1032" started-at="2021-03-01T11:35:54 IST" finished-at="2021-03-01T11:35:55 IST">
          <exception class="java.lang.NullPointerException">
            <full-stacktrace>
              <![CDATA[java.lang.NullPointerException
at org.openqa.selenium.support.pagefactory.DefaultElementLocator.findElement(DefaultElementLocator.java:69)
at org.openqa.selenium.support.pagefactory.internal.LocatingElementHandler.invoke(LocatingElementHandler.java:38)
at com.sun.proxy.$Proxy13.sendKeys(Unknown Source)
at com.htc.pageObjects.LoginPage.setEmailAddress(LoginPage.java:45)
at com.htc.pageObjects.LoginPage.loginSection(LoginPage.java:67)
at com.htc.testCase.Test_Account_LoginUserValid.loginApp(Test_Account_LoginUserValid.java:26)
at sun.reflect.NativeMethodAccessorImpl.invoke0(Native Method)
at sun.reflect.NativeMethodAccessorImpl.invoke(Unknown Source)
at sun.reflect.DelegatingMethodAccessorImpl.invoke(Unknown Source)
at java.lang.reflect.Method.invoke(Unknown Source)
at org.testng.internal.MethodInvocationHelper.invokeMethod(MethodInvocationHelper.java:132)
at org.testng.internal.TestInvoker.invokeMethod(TestInvoker.java:599)
at org.testng.internal.TestInvoker.invokeTestMethod(TestInvoker.java:174)
at org.testng.internal.MethodRunner.runInSequence(MethodRunner.java:46)
at org.testng.internal.TestInvoker$MethodInvocationAgent.invoke(TestInvoker.java:822)
at org.testng.internal.TestInvoker.invokeTestMethods(TestInvoker.java:147)
at org.testng.internal.TestMethodWorker.invokeTestMethods(TestMethodWorker.java:146)
at org.testng.internal.TestMethodWorker.run(TestMethodWorker.java:128)
at java.util.ArrayList.forEach(Unknown Source)
at org.testng.TestRunner.privateRun(TestRunner.java:764)
at org.testng.TestRunner.run(TestRunner.java:585)
at org.testng.SuiteRunner.runTest(SuiteRunner.java:384)
at org.testng.SuiteRunner.runSequentially(SuiteRunner.java:378)
at org.testng.SuiteRunner.privateRun(SuiteRunner.java:337)
at org.testng.SuiteRunner.run(SuiteRunner.java:286)
at org.testng.SuiteRunnerWorker.runSuite(SuiteRunnerWorker.java:53)
at org.testng.SuiteRunnerWorker.run(SuiteRunnerWorker.java:96)
at org.testng.TestNG.runSuitesSequentially(TestNG.java:1218)
at org.testng.TestNG.runSuitesLocally(TestNG.java:1140)
at org.testng.TestNG.runSuites(TestNG.java:1069)
at org.testng.TestNG.run(TestNG.java:1037)
at org.testng.remote.AbstractRemoteTestNG.run(AbstractRemoteTestNG.java:115)
at org.testng.remote.RemoteTestNG.initAndRun(RemoteTestNG.java:251)
at org.testng.remote.RemoteTestNG.main(RemoteTestNG.java:77)
]]>
            </full-stacktrace>
          </exception> <!-- java.lang.NullPointerException -->
          <reporter-output>
          </reporter-output>
        </test-method> <!-- loginApp -->
        <test-method status="PASS" signature="tearDownMethod(org.testng.ITestResult)[pri:0, instance:com.htc.testCase.Test_Account_LoginUserValid@536aaa8d]" name="tearDownMethod" is-config="true" duration-ms="4357" started-at="2021-03-01T11:35:55 IST" finished-at="2021-03-01T11:35:59 IST">
          <params>
            <param index="0">
              <value>
                <![CDATA[[TestResult name=loginApp status=FAILURE method=Test_Account_LoginUserValid.loginApp()[pri:0, instance:com.htc.testCase.Test_Account_LoginUserValid@536aaa8d] output={null}]]]>
              </value>
            </param>
          </params>
          <reporter-output>
          </reporter-output>
        </test-method> <!-- tearDownMethod -->
        <test-method status="PASS" signature="tearDown()[pri:0, instance:com.htc.testCase.Test_Account_LoginUserValid@536aaa8d]" name="tearDown" is-config="true" duration-ms="7" started-at="2021-03-01T11:35:59 IST" finished-at="2021-03-01T11:35:59 IST">
          <reporter-output>
          </reporter-output>
        </test-method> <!-- tearDown -->
      </class> <!-- com.htc.testCase.Test_Account_LoginUserValid -->
    </test> <!-- Default test -->
  </suite> <!-- Default suite -->
</testng-results>
