<?xml version="1.0" encoding="UTF-8"?>
<!-- Generated by org.testng.reporters.JUnitXMLReporter -->
<testsuite hostname="Maani" ignored="0" name="Selenium Academy Test" tests="2" failures="0" timestamp="2021-02-12T17:12:21 IST" time="57.708" errors="0">
  <testcase name="testCreateAccount_fillMandatoryDetails_successfullyShouldCreateNewAcc" time="11.919" classname="com.htc.seleniumacademyPOM.test.RegistrationPageTest"/>
  <testcase name="testLoginPage_enterCredantials_shouldLoginSuccessful" time="3.778" classname="com.htc.seleniumacademyPOM.test.RegistrationPageTest"/>
</testsuite> <!-- Selenium Academy Test -->
